<?xml version="1.0" encoding="utf-8"?><testsuites name="pytest tests"><testsuite name="pytest" errors="0" failures="3" skipped="0" tests="23" time="48.127" timestamp="2026-07-30T22:42:06.249013+00:00" hostname="agent-env-7da211b1-86f0-47b2-b545-af16517455ee"><testcase classname="tests.backend_test.TestAuth" name="test_health" time="0.111" /><testcase classname="tests.backend_test.TestAuth" name="test_login_success" time="0.490" /><testcase classname="tests.backend_test.TestAuth" name="test_login_invalid" time="0.446" /><testcase classname="tests.backend_test.TestTrips" name="test_meera_got_notification" time="1.318" /><testcase classname="tests.backend_test.TestAuth" name="test_me_bearer" time="0.340" /><testcase classname="tests.backend_test.TestTrips" name="test_add_equal_expense" time="0.047" /><testcase classname="tests.backend_test.TestTrips" name="test_balances_and_upi" time="0.081" /><testcase classname="tests.backend_test.TestAuth" name="test_me_unauth" time="0.037" /><testcase classname="tests.backend_test.TestAuth" name="test_register_new_user" time="0.303" /><testcase classname="tests.backend_test.TestTrips" name="test_custom_split_validation" time="0.241" /><testcase classname="tests.backend_test.TestTrips" name="test_percentage_split_validation" time="0.085" /><testcase classname="tests.backend_test.TestAuth" name="test_profile_update_upi" time="0.042" /><testcase classname="tests.backend_test.TestBookings" name="test_search_flight" time="0.043" /><testcase classname="tests.backend_test.TestTrips" name="test_remind_creates_notification" time="0.088" /><testcase classname="tests.backend_test.TestBookings" name="test_search_train" time="0.040" /><testcase classname="tests.backend_test.TestBookings" name="test_search_hotel_city_only" time="0.040" /><testcase classname="tests.backend_test.TestTrips" name="test_settle_zeros_balance" time="15.099"><failure message="requests.exceptions.ConnectTimeout: HTTPSConnectionPool(host='journey-planner-5.internal.stage-preview.emergentagent.com', port=443): Max retries exceeded with url: /api/trips/6a6bd33f6da88dc4bc896198/balances (Caused by ConnectTimeoutError(&lt;HTTPSConnection(host='journey-planner-5.internal.stage-preview.emergentagent.com', port=443) at 0xf87984603410&gt;, 'Connection to journey-planner-5.internal.stage-preview.emergentagent.com timed out. (connect timeout=15)'))">/root/.venv/lib/python3.11/site-packages/urllib3/connection.py:204: in _new_conn
    sock = connection.create_connection(
/root/.venv/lib/python3.11/site-packages/urllib3/util/connection.py:85: in create_connection
    raise err
/root/.venv/lib/python3.11/site-packages/urllib3/util/connection.py:73: in create_connection
    sock.connect(sa)
E   TimeoutError: timed out

The above exception was the direct cause of the following exception:
/root/.venv/lib/python3.11/site-packages/urllib3/connectionpool.py:788: in urlopen
    response = self._make_request(
/root/.venv/lib/python3.11/site-packages/urllib3/connectionpool.py:488: in _make_request
    raise new_e
/root/.venv/lib/python3.11/site-packages/urllib3/connectionpool.py:464: in _make_request
    self._validate_conn(conn)
/root/.venv/lib/python3.11/site-packages/urllib3/connectionpool.py:1106: in _validate_conn
    conn.connect()
/root/.venv/lib/python3.11/site-packages/urllib3/connection.py:759: in connect
    self.sock = sock = self._new_conn()
                       ^^^^^^^^^^^^^^^^
/root/.venv/lib/python3.11/site-packages/urllib3/connection.py:213: in _new_conn
    raise ConnectTimeoutError(
E   urllib3.exceptions.ConnectTimeoutError: (&lt;HTTPSConnection(host='journey-planner-5.internal.stage-preview.emergentagent.com', port=443) at 0xf87984603410&gt;, 'Connection to journey-planner-5.internal.stage-preview.emergentagent.com timed out. (connect timeout=15)')

The above exception was the direct cause of the following exception:
/root/.venv/lib/python3.11/site-packages/requests/adapters.py:696: in send
    resp = conn.urlopen(
/root/.venv/lib/python3.11/site-packages/urllib3/connectionpool.py:842: in urlopen
    retries = retries.increment(
/root/.venv/lib/python3.11/site-packages/urllib3/util/retry.py:543: in increment
    raise MaxRetryError(_pool, url, reason) from reason  # type: ignore[arg-type]
    ^^^^^^^^^^^^^^^^^^^^^^^^^^^^^^^^^^^^^^^^^^^^^^^^^^^
E   urllib3.exceptions.MaxRetryError: HTTPSConnectionPool(host='journey-planner-5.internal.stage-preview.emergentagent.com', port=443): Max retries exceeded with url: /api/trips/6a6bd33f6da88dc4bc896198/balances (Caused by ConnectTimeoutError(&lt;HTTPSConnection(host='journey-planner-5.internal.stage-preview.emergentagent.com', port=443) at 0xf87984603410&gt;, 'Connection to journey-planner-5.internal.stage-preview.emergentagent.com timed out. (connect timeout=15)'))

During handling of the above exception, another exception occurred:
backend/tests/backend_test.py:270: in test_settle_zeros_balance
    br = requests.get(f"{API}/trips/{trip['id']}/balances", headers=hdr(aarav_token), timeout=15)
         ^^^^^^^^^^^^^^^^^^^^^^^^^^^^^^^^^^^^^^^^^^^^^^^^^^^^^^^^^^^^^^^^^^^^^^^^^^^^^^^^^^^^^^^^
/root/.venv/lib/python3.11/site-packages/requests/api.py:87: in get
    return request("get", url, params=params, **kwargs)
           ^^^^^^^^^^^^^^^^^^^^^^^^^^^^^^^^^^^^^^^^^^^^
/root/.venv/lib/python3.11/site-packages/requests/api.py:71: in request
    return session.request(method=method, url=url, **kwargs)
           ^^^^^^^^^^^^^^^^^^^^^^^^^^^^^^^^^^^^^^^^^^^^^^^^^
/root/.venv/lib/python3.11/site-packages/requests/sessions.py:651: in request
    resp = self.send(prep, **send_kwargs)
           ^^^^^^^^^^^^^^^^^^^^^^^^^^^^^^
/root/.venv/lib/python3.11/site-packages/requests/sessions.py:784: in send
    r = adapter.send(request, **kwargs)
        ^^^^^^^^^^^^^^^^^^^^^^^^^^^^^^^
/root/.venv/lib/python3.11/site-packages/requests/adapters.py:717: in send
    raise ConnectTimeout(e, request=request)
E   requests.exceptions.ConnectTimeout: HTTPSConnectionPool(host='journey-planner-5.internal.stage-preview.emergentagent.com', port=443): Max retries exceeded with url: /api/trips/6a6bd33f6da88dc4bc896198/balances (Caused by ConnectTimeoutError(&lt;HTTPSConnection(host='journey-planner-5.internal.stage-preview.emergentagent.com', port=443) at 0xf87984603410&gt;, 'Connection to journey-planner-5.internal.stage-preview.emergentagent.com timed out. (connect timeout=15)'))</failure></testcase><testcase classname="tests.backend_test.TestBookings" name="test_search_flight_missing_origin" time="0.037" /><testcase classname="tests.backend_test.TestBookings" name="test_booking_create_and_checkout" time="42.446" /><testcase classname="tests.backend_test.TestTrips" name="test_join_by_invite" time="0.489" /><testcase classname="tests.backend_test.TestDestinations" name="test_list" time="0.041"><failure message="AssertionError: Expected 6 destinations, got 17&#10;assert 17 == 6&#10; +  where 17 = len([{'slug': 'goa', 'name': 'Goa', 'country': 'India', 'tagline': 'Sun, sand and susegad', ...}, {'slug': 'bali', 'name': 'Bali', 'country': 'Indonesia', 'tagline': 'Island of the gods', ...}, {'slug': 'rishikesh', 'name': 'Rishikesh', 'country': 'India', 'tagline': 'Yoga capital on the Ganges', ...}, {'slug': 'jaipur', 'name': 'Jaipur', 'country': 'India', 'tagline': 'The pink city', ...}, {'slug': 'manali', 'name': 'Manali', 'country': 'India', 'tagline': 'Himalayan basecamp', ...}, {'slug': 'kochi', 'name': 'Kochi', 'country': 'India', 'tagline': 'Queen of the Arabian Sea', ...}, ...])">backend/tests/backend_test.py:295: in test_list
    assert len(lst) == 6, f"Expected 6 destinations, got {len(lst)}"
E   AssertionError: Expected 6 destinations, got 17
E   assert 17 == 6
E    +  where 17 = len([{'slug': 'goa', 'name': 'Goa', 'country': 'India', 'tagline': 'Sun, sand and susegad', ...}, {'slug': 'bali', 'name': 'Bali', 'country': 'Indonesia', 'tagline': 'Island of the gods', ...}, {'slug': 'rishikesh', 'name': 'Rishikesh', 'country': 'India', 'tagline': 'Yoga capital on the Ganges', ...}, {'slug': 'jaipur', 'name': 'Jaipur', 'country': 'India', 'tagline': 'The pink city', ...}, {'slug': 'manali', 'name': 'Manali', 'country': 'India', 'tagline': 'Himalayan basecamp', ...}, {'slug': 'kochi', 'name': 'Kochi', 'country': 'India', 'tagline': 'Queen of the Arabian Sea', ...}, ...])</failure></testcase><testcase classname="tests.backend_test.TestDestinations" name="test_goa_detail" time="15.017"><failure message="requests.exceptions.ConnectTimeout: HTTPSConnectionPool(host='journey-planner-5.internal.stage-preview.emergentagent.com', port=443): Max retries exceeded with url: /api/destinations/goa (Caused by ConnectTimeoutError(&lt;HTTPSConnection(host='journey-planner-5.internal.stage-preview.emergentagent.com', port=443) at 0xf87984326790&gt;, 'Connection to journey-planner-5.internal.stage-preview.emergentagent.com timed out. (connect timeout=15)'))">/root/.venv/lib/python3.11/site-packages/urllib3/connection.py:204: in _new_conn
    sock = connection.create_connection(
/root/.venv/lib/python3.11/site-packages/urllib3/util/connection.py:85: in create_connection
    raise err
/root/.venv/lib/python3.11/site-packages/urllib3/util/connection.py:73: in create_connection
    sock.connect(sa)
E   TimeoutError: timed out

The above exception was the direct cause of the following exception:
/root/.venv/lib/python3.11/site-packages/urllib3/connectionpool.py:788: in urlopen
    response = self._make_request(
/root/.venv/lib/python3.11/site-packages/urllib3/connectionpool.py:488: in _make_request
    raise new_e
/root/.venv/lib/python3.11/site-packages/urllib3/connectionpool.py:464: in _make_request
    self._validate_conn(conn)
/root/.venv/lib/python3.11/site-packages/urllib3/connectionpool.py:1106: in _validate_conn
    conn.connect()
/root/.venv/lib/python3.11/site-packages/urllib3/connection.py:759: in connect
    self.sock = sock = self._new_conn()
                       ^^^^^^^^^^^^^^^^
/root/.venv/lib/python3.11/site-packages/urllib3/connection.py:213: in _new_conn
    raise ConnectTimeoutError(
E   urllib3.exceptions.ConnectTimeoutError: (&lt;HTTPSConnection(host='journey-planner-5.internal.stage-preview.emergentagent.com', port=443) at 0xf87984326790&gt;, 'Connection to journey-planner-5.internal.stage-preview.emergentagent.com timed out. (connect timeout=15)')

The above exception was the direct cause of the following exception:
/root/.venv/lib/python3.11/site-packages/requests/adapters.py:696: in send
    resp = conn.urlopen(
/root/.venv/lib/python3.11/site-packages/urllib3/connectionpool.py:842: in urlopen
    retries = retries.increment(
/root/.venv/lib/python3.11/site-packages/urllib3/util/retry.py:543: in increment
    raise MaxRetryError(_pool, url, reason) from reason  # type: ignore[arg-type]
    ^^^^^^^^^^^^^^^^^^^^^^^^^^^^^^^^^^^^^^^^^^^^^^^^^^^
E   urllib3.exceptions.MaxRetryError: HTTPSConnectionPool(host='journey-planner-5.internal.stage-preview.emergentagent.com', port=443): Max retries exceeded with url: /api/destinations/goa (Caused by ConnectTimeoutError(&lt;HTTPSConnection(host='journey-planner-5.internal.stage-preview.emergentagent.com', port=443) at 0xf87984326790&gt;, 'Connection to journey-planner-5.internal.stage-preview.emergentagent.com timed out. (connect timeout=15)'))

During handling of the above exception, another exception occurred:
backend/tests/backend_test.py:298: in test_goa_detail
    r = requests.get(f"{API}/destinations/goa", headers=hdr(aarav_token), timeout=15)
        ^^^^^^^^^^^^^^^^^^^^^^^^^^^^^^^^^^^^^^^^^^^^^^^^^^^^^^^^^^^^^^^^^^^^^^^^^^^^^
/root/.venv/lib/python3.11/site-packages/requests/api.py:87: in get
    return request("get", url, params=params, **kwargs)
           ^^^^^^^^^^^^^^^^^^^^^^^^^^^^^^^^^^^^^^^^^^^^
/root/.venv/lib/python3.11/site-packages/requests/api.py:71: in request
    return session.request(method=method, url=url, **kwargs)
           ^^^^^^^^^^^^^^^^^^^^^^^^^^^^^^^^^^^^^^^^^^^^^^^^^
/root/.venv/lib/python3.11/site-packages/requests/sessions.py:651: in request
    resp = self.send(prep, **send_kwargs)
           ^^^^^^^^^^^^^^^^^^^^^^^^^^^^^^
/root/.venv/lib/python3.11/site-packages/requests/sessions.py:784: in send
    r = adapter.send(request, **kwargs)
        ^^^^^^^^^^^^^^^^^^^^^^^^^^^^^^^
/root/.venv/lib/python3.11/site-packages/requests/adapters.py:717: in send
    raise ConnectTimeout(e, request=request)
E   requests.exceptions.ConnectTimeout: HTTPSConnectionPool(host='journey-planner-5.internal.stage-preview.emergentagent.com', port=443): Max retries exceeded with url: /api/destinations/goa (Caused by ConnectTimeoutError(&lt;HTTPSConnection(host='journey-planner-5.internal.stage-preview.emergentagent.com', port=443) at 0xf87984326790&gt;, 'Connection to journey-planner-5.internal.stage-preview.emergentagent.com timed out. (connect timeout=15)'))</failure></testcase><testcase classname="tests.backend_test.TestChat" name="test_chat_stream_and_history" time="3.423" /></testsuite></testsuites>