<?xml version="1.0" encoding="utf-8"?><testsuites name="pytest tests"><testsuite name="pytest" errors="0" failures="0" skipped="0" tests="8" time="5.391" timestamp="2026-07-30T16:25:34.243787+00:00" hostname="agent-env-7da211b1-86f0-47b2-b545-af16517455ee"><testcase classname="tests.test_iter9_features.TestRecapAutoPost" name="test_ended_trip_auto_posts_once_across_users" time="2.523" /><testcase classname="tests.test_iter9_features.TestRecapAutoPost" name="test_future_trip_does_not_auto_post" time="0.620" /><testcase classname="tests.test_iter9_features.TestRecapAutoPost" name="test_today_end_date_does_not_auto_post" time="0.456" /><testcase classname="tests.test_iter9_features.TestRecapAutoPost" name="test_recap_token_public_accessible" time="0.644" /><testcase classname="tests.test_iter9_features.TestFacebookGating" name="test_facebook_status_unconfigured" time="0.079" /><testcase classname="tests.test_iter9_features.TestFacebookGating" name="test_facebook_login_400" time="0.043" /><testcase classname="tests.test_iter9_features.TestFacebookGating" name="test_facebook_callback_redirects_to_auth_error" time="0.035" /><testcase classname="tests.test_iter9_features.TestAuthRegression" name="test_both_test_users_can_login" time="0.925" /></testsuite></testsuites>