<?xml version="1.0" encoding="utf-8"?><testsuites name="pytest tests"><testsuite name="pytest" errors="0" failures="0" skipped="0" tests="11" time="40.060" timestamp="2026-07-30T10:34:16.582206+00:00" hostname="agent-env-7da211b1-86f0-47b2-b545-af16517455ee"><testcase classname="tests.test_iter5_features.TestTripCurrency" name="test_create_trip_with_eur" time="0.645" /><testcase classname="tests.test_iter5_features.TestTripCurrency" name="test_invalid_currency_400" time="0.225" /><testcase classname="tests.test_iter5_features.TestChatMessages" name="test_post_and_list_multi_user" time="1.553" /><testcase classname="tests.test_iter5_features.TestTripCurrency" name="test_omit_currency_defaults_inr" time="0.123" /><testcase classname="tests.test_iter5_features.TestBalancesUpiLink" name="test_non_inr_no_upi_link" time="0.585" /><testcase classname="tests.test_iter5_features.TestChatMessages" name="test_empty_text_422" time="0.205" /><testcase classname="tests.test_iter5_features.TestBalancesUpiLink" name="test_inr_has_upi_link_when_vpa_present" time="0.253" /><testcase classname="tests.test_iter5_features.TestChatMessages" name="test_non_member_403" time="34.896" /><testcase classname="tests.test_iter5_features.TestCurrencyInNotifications" name="test_expense_notification_uses_trip_currency" time="37.445" /><testcase classname="tests.test_iter5_features.TestStripeCheckoutCurrency" name="test_settlement_eur_session" time="2.698" /><testcase classname="tests.test_iter5_features.TestRecapCurrency" name="test_recap_includes_currency" time="0.284" /></testsuite></testsuites>