<?xml version="1.0" encoding="utf-8"?><testsuites name="pytest tests"><testsuite name="pytest" errors="0" failures="2" skipped="0" tests="36" time="49.153" timestamp="2026-07-30T09:09:57.751892+00:00" hostname="agent-env-7da211b1-86f0-47b2-b545-af16517455ee"><testcase classname="tests.backend_test.TestAuth" name="test_health" time="0.074" /><testcase classname="tests.backend_test.TestAuth" name="test_login_success" time="0.452" /><testcase classname="tests.backend_test.TestAuth" name="test_login_invalid" time="0.488" /><testcase classname="tests.backend_test.TestAuth" name="test_me_bearer" time="0.378" /><testcase classname="tests.backend_test.TestTrips" name="test_meera_got_notification" time="1.359" /><testcase classname="tests.backend_test.TestTrips" name="test_add_equal_expense" time="0.086" /><testcase classname="tests.backend_test.TestAuth" name="test_me_unauth" time="0.079" /><testcase classname="tests.backend_test.TestTrips" name="test_balances_and_upi" time="0.082" /><testcase classname="tests.backend_test.TestAuth" name="test_register_new_user" time="0.264" /><testcase classname="tests.backend_test.TestTrips" name="test_custom_split_validation" time="0.249" /><testcase classname="tests.backend_test.TestAuth" name="test_profile_update_upi" time="0.080" /><testcase classname="tests.backend_test.TestTrips" name="test_percentage_split_validation" time="0.078" /><testcase classname="tests.backend_test.TestBookings" name="test_search_flight" time="0.038" /><testcase classname="tests.backend_test.TestBookings" name="test_search_train" time="0.038" /><testcase classname="tests.backend_test.TestTrips" name="test_remind_creates_notification" time="0.120" /><testcase classname="tests.backend_test.TestBookings" name="test_search_hotel_city_only" time="0.040" /><testcase classname="tests.backend_test.TestBookings" name="test_search_flight_missing_origin" time="0.081" /><testcase classname="tests.backend_test.TestTrips" name="test_settle_zeros_balance" time="0.156" /><testcase classname="tests.backend_test.TestBookings" name="test_booking_create_and_checkout" time="4.390" /><testcase classname="tests.backend_test.TestTrips" name="test_join_by_invite" time="2.602" /><testcase classname="tests.backend_test.TestDestinations" name="test_list" time="0.081" /><testcase classname="tests.backend_test.TestDestinations" name="test_goa_detail" time="0.041" /><testcase classname="tests.test_iter3_features.TestTripChatContext" name="test_chat_receives_trip_financial_context" time="2.191" /><testcase classname="tests.test_new_features.TestGoogleSession" name="test_google_session_invalid_returns_401" time="0.127" /><testcase classname="tests.test_new_features.TestGoogleSession" name="test_mongo_session_accepts_bearer_and_cookie" time="0.212" /><testcase classname="tests.test_new_features.TestGoogleSession" name="test_expired_session_returns_401" time="0.040" /><testcase classname="tests.test_iter3_features.TestTripChatContext" name="test_chat_non_member_trip_context_silently_skipped" time="15.095"><failure message="requests.exceptions.ConnectTimeout: HTTPSConnectionPool(host='journey-planner-5.internal.stage-preview.emergentagent.com', port=443): Max retries exceeded with url: /api/auth/register (Caused by ConnectTimeoutError(&lt;HTTPSConnection(host='journey-planner-5.internal.stage-preview.emergentagent.com', port=443) at 0xf8fbb2aa35d0&gt;, 'Connection to journey-planner-5.internal.stage-preview.emergentagent.com timed out. (connect timeout=15)'))">E   TimeoutError: timed out

The above exception was the direct cause of the following exception:
E   urllib3.exceptions.ConnectTimeoutError: (&lt;HTTPSConnection(host='journey-planner-5.internal.stage-preview.emergentagent.com', port=443) at 0xf8fbb2aa35d0&gt;, 'Connection to journey-planner-5.internal.stage-preview.emergentagent.com timed out. (connect timeout=15)')

The above exception was the direct cause of the following exception:
E   urllib3.exceptions.MaxRetryError: HTTPSConnectionPool(host='journey-planner-5.internal.stage-preview.emergentagent.com', port=443): Max retries exceeded with url: /api/auth/register (Caused by ConnectTimeoutError(&lt;HTTPSConnection(host='journey-planner-5.internal.stage-preview.emergentagent.com', port=443) at 0xf8fbb2aa35d0&gt;, 'Connection to journey-planner-5.internal.stage-preview.emergentagent.com timed out. (connect timeout=15)'))

During handling of the above exception, another exception occurred:
E   requests.exceptions.ConnectTimeout: HTTPSConnectionPool(host='journey-planner-5.internal.stage-preview.emergentagent.com', port=443): Max retries exceeded with url: /api/auth/register (Caused by ConnectTimeoutError(&lt;HTTPSConnection(host='journey-planner-5.internal.stage-preview.emergentagent.com', port=443) at 0xf8fbb2aa35d0&gt;, 'Connection to journey-planner-5.internal.stage-preview.emergentagent.com timed out. (connect timeout=15)'))</failure></testcase><testcase classname="tests.test_new_features.TestJWTIntact" name="test_jwt_login_and_me" time="0.622" /><testcase classname="tests.test_new_features.TestJWTIntact" name="test_garbage_bearer_401" time="0.078" /><testcase classname="tests.test_new_features.TestReminderEmails" name="test_remind_registered_debtor_logs_email" time="16.831" /><testcase classname="tests.test_iter3_features.TestRecap" name="test_recap_flow_and_edge_cases" time="4.849" /><testcase classname="tests.test_new_features.TestReminderEmails" name="test_remind_unregistered_member_ok" time="7.909" /><testcase classname="tests.test_iter3_features.TestSpendingAlerts" name="test_budget_alerts_fire_only_on_crossing" time="18.221"><failure message="requests.exceptions.ConnectTimeout: HTTPSConnectionPool(host='journey-planner-5.internal.stage-preview.emergentagent.com', port=443): Max retries exceeded with url: /api/trips/6a6b1501311ce0d0a4cce3e9/expenses (Caused by ConnectTimeoutError(&lt;HTTPSConnection(host='journey-planner-5.internal.stage-preview.emergentagent.com', port=443) at 0xf8fbb2851010&gt;, 'Connection to journey-planner-5.internal.stage-preview.emergentagent.com timed out. (connect timeout=15)'))">E   TimeoutError: timed out

The above exception was the direct cause of the following exception:
E   urllib3.exceptions.ConnectTimeoutError: (&lt;HTTPSConnection(host='journey-planner-5.internal.stage-preview.emergentagent.com', port=443) at 0xf8fbb2851010&gt;, 'Connection to journey-planner-5.internal.stage-preview.emergentagent.com timed out. (connect timeout=15)')

The above exception was the direct cause of the following exception:
E   urllib3.exceptions.MaxRetryError: HTTPSConnectionPool(host='journey-planner-5.internal.stage-preview.emergentagent.com', port=443): Max retries exceeded with url: /api/trips/6a6b1501311ce0d0a4cce3e9/expenses (Caused by ConnectTimeoutError(&lt;HTTPSConnection(host='journey-planner-5.internal.stage-preview.emergentagent.com', port=443) at 0xf8fbb2851010&gt;, 'Connection to journey-planner-5.internal.stage-preview.emergentagent.com timed out. (connect timeout=15)'))

During handling of the above exception, another exception occurred:
E   requests.exceptions.ConnectTimeout: HTTPSConnectionPool(host='journey-planner-5.internal.stage-preview.emergentagent.com', port=443): Max retries exceeded with url: /api/trips/6a6b1501311ce0d0a4cce3e9/expenses (Caused by ConnectTimeoutError(&lt;HTTPSConnection(host='journey-planner-5.internal.stage-preview.emergentagent.com', port=443) at 0xf8fbb2851010&gt;, 'Connection to journey-planner-5.internal.stage-preview.emergentagent.com timed out. (connect timeout=15)'))</failure></testcase><testcase classname="tests.backend_test.TestChat" name="test_chat_stream_and_history" time="14.992" /><testcase classname="tests.test_new_features.TestMemories" name="test_photo_upload_note_list_image_delete_and_forbidden" time="2.464" /><testcase classname="tests.test_new_features.TestSettlementProof" name="test_settlement_proof_flow" time="1.731" /></testsuite></testsuites>