<?xml version="1.0" encoding="utf-8"?><testsuites name="pytest tests"><testsuite name="pytest" errors="0" failures="0" skipped="0" tests="9" time="4.264" timestamp="2026-07-30T08:20:09.226059+00:00" hostname="agent-env-7da211b1-86f0-47b2-b545-af16517455ee"><testcase classname="tests.test_new_features.TestGoogleSession" name="test_google_session_invalid_returns_401" time="0.383" /><testcase classname="tests.test_new_features.TestJWTIntact" name="test_jwt_login_and_me" time="0.423" /><testcase classname="tests.test_new_features.TestGoogleSession" name="test_mongo_session_accepts_bearer_and_cookie" time="0.425" /><testcase classname="tests.test_new_features.TestJWTIntact" name="test_garbage_bearer_401" time="0.040" /><testcase classname="tests.test_new_features.TestGoogleSession" name="test_expired_session_returns_401" time="0.041" /><testcase classname="tests.test_new_features.TestReminderEmails" name="test_remind_registered_debtor_logs_email" time="1.233" /><testcase classname="tests.test_new_features.TestMemories" name="test_photo_upload_note_list_image_delete_and_forbidden" time="2.182" /><testcase classname="tests.test_new_features.TestReminderEmails" name="test_remind_unregistered_member_ok" time="0.780" /><testcase classname="tests.test_new_features.TestSettlementProof" name="test_settlement_proof_flow" time="1.358" /></testsuite></testsuites>