<?xml version="1.0" encoding="utf-8"?><testsuites name="pytest tests"><testsuite name="pytest" errors="0" failures="0" skipped="0" tests="10" time="124.938" timestamp="2026-07-30T11:27:14.726606+00:00" hostname="agent-env-7da211b1-86f0-47b2-b545-af16517455ee"><testcase classname="tests.test_iter7_features.TestReactions" name="test_react_toggle_and_persistence" time="1.406" /><testcase classname="tests.test_iter7_features.TestItinerary" name="test_add_list_sorted" time="1.455" /><testcase classname="tests.test_iter7_features.TestReactions" name="test_unsupported_emoji_400" time="0.200" /><testcase classname="tests.test_iter7_features.TestItinerary" name="test_bad_date" time="0.117" /><testcase classname="tests.test_iter7_features.TestItinerary" name="test_bad_time" time="0.122" /><testcase classname="tests.test_iter7_features.TestReactions" name="test_invalid_message_id" time="0.160" /><testcase classname="tests.test_iter7_features.TestItinerary" name="test_empty_title_422" time="0.117" /><testcase classname="tests.test_iter7_features.TestReactions" name="test_non_member_403" time="122.756" /><testcase classname="tests.test_iter7_features.TestItinerary" name="test_edit_delete_permissions" time="54.864" /><testcase classname="tests.test_iter7_features.TestItinerary" name="test_delete_cascade_removes_itinerary" time="0.931" /></testsuite></testsuites>