<?xml version="1.0" encoding="utf-8"?><testsuites name="pytest tests"><testsuite name="pytest" errors="0" failures="1" skipped="0" tests="15" time="2.396" timestamp="2026-07-30T20:56:17.080852+00:00" hostname="agent-env-7da211b1-86f0-47b2-b545-af16517455ee"><testcase classname="tests.test_iter11_features.TestDestinations" name="test_list_returns_17_items_with_required_fields" time="0.573" /><testcase classname="tests.test_iter11_features.TestDestinations" name="test_new_slugs_present" time="0.040" /><testcase classname="tests.test_iter11_features.TestDestinations" name="test_destination_detail_new_slug[paris]" time="0.244" /><testcase classname="tests.test_iter11_features.TestDestinations" name="test_destination_detail_new_slug[tokyo]" time="0.039" /><testcase classname="tests.test_iter11_features.TestDestinations" name="test_destination_detail_new_slug[santorini]" time="0.040" /><testcase classname="tests.test_iter11_features.TestSettleNudge" name="test_wrapped_trip_with_expense_posts_recap_and_settle" time="1.148"><failure message="AssertionError: expense create failed: 400 {&quot;detail&quot;:&quot;Payer is not a trip member&quot;}&#10;assert 400 in (200, 201)&#10; +  where 400 = &lt;Response [400]&gt;.status_code">backend/tests/test_iter11_features.py:133: in test_wrapped_trip_with_expense_posts_recap_and_settle
    assert r.status_code in (200, 201), f"expense create failed: {r.status_code} {r.text[:300]}"
E   AssertionError: expense create failed: 400 {"detail":"Payer is not a trip member"}
E   assert 400 in (200, 201)
E    +  where 400 = &lt;Response [400]&gt;.status_code</failure></testcase><testcase classname="tests.test_iter11_features.TestDestinations" name="test_destination_detail_new_slug[dubai]" time="0.039" /><testcase classname="tests.test_iter11_features.TestDestinations" name="test_destination_detail_new_slug[bangkok]" time="0.040" /><testcase classname="tests.test_iter11_features.TestDestinations" name="test_destination_detail_new_slug[singapore]" time="0.037" /><testcase classname="tests.test_iter11_features.TestDestinations" name="test_destination_detail_new_slug[phuket]" time="0.041" /><testcase classname="tests.test_iter11_features.TestDestinations" name="test_destination_detail_new_slug[rome]" time="0.044" /><testcase classname="tests.test_iter11_features.TestDestinations" name="test_destination_detail_new_slug[istanbul]" time="0.039" /><testcase classname="tests.test_iter11_features.TestSettleNudge" name="test_settled_trip_no_settle_message" time="0.937" /><testcase classname="tests.test_iter11_features.TestDestinations" name="test_destination_detail_new_slug[agra]" time="0.037" /><testcase classname="tests.test_iter11_features.TestDestinations" name="test_destination_detail_new_slug[leh]" time="0.041" /></testsuite></testsuites>