<?xml version="1.0" encoding="utf-8"?><testsuites name="pytest tests"><testsuite name="pytest" errors="0" failures="0" skipped="0" tests="4" time="6.796" timestamp="2026-07-30T09:07:34.793638+00:00" hostname="agent-env-7da211b1-86f0-47b2-b545-af16517455ee"><testcase classname="tests.test_iter3_features.TestTripChatContext" name="test_chat_receives_trip_financial_context" time="2.345" /><testcase classname="tests.test_iter3_features.TestRecap" name="test_recap_flow_and_edge_cases" time="3.440" /><testcase classname="tests.test_iter3_features.TestTripChatContext" name="test_chat_non_member_trip_context_silently_skipped" time="1.785" /><testcase classname="tests.test_iter3_features.TestSpendingAlerts" name="test_budget_alerts_fire_only_on_crossing" time="1.833" /></testsuite></testsuites>