<?xml version="1.0" encoding="utf-8"?><testsuites name="pytest tests"><testsuite name="pytest" errors="0" failures="0" skipped="0" tests="10" time="61.122" timestamp="2026-07-30T10:54:27.556103+00:00" hostname="agent-env-7da211b1-86f0-47b2-b545-af16517455ee"><testcase classname="tests.test_iter6_features.TestArchive" name="test_organizer_archive_and_unarchive" time="0.818" /><testcase classname="tests.test_iter6_features.TestRecapShare" name="test_share_page_html" time="0.773" /><testcase classname="tests.test_iter6_features.TestRecapShare" name="test_og_png" time="0.432" /><testcase classname="tests.test_iter6_features.TestArchive" name="test_non_organizer_403" time="0.532" /><testcase classname="tests.test_iter6_features.TestRecapShare" name="test_invalid_token_404" time="0.160" /><testcase classname="tests.test_iter6_features.TestDeleteTrip" name="test_non_organizer_403" time="0.322" /><testcase classname="tests.test_iter6_features.TestChatUnread" name="test_unread_count_and_read" time="8.022" /><testcase classname="tests.test_iter6_features.TestDeleteTrip" name="test_delete_cascades" time="7.661" /><testcase classname="tests.test_iter6_features.TestChatNotificationDedup" name="test_dedup_and_reissue_after_read" time="51.049" /><testcase classname="tests.test_iter6_features.TestChatUnread" name="test_list_trips_includes_unread_chat" time="46.972" /></testsuite></testsuites>