<?xml version="1.0" encoding="utf-8"?><testsuites name="pytest tests"><testsuite name="pytest" errors="0" failures="6" skipped="0" tests="32" time="98.991" timestamp="2026-07-30T08:25:19.992758+00:00" hostname="agent-env-7da211b1-86f0-47b2-b545-af16517455ee"><testcase classname="tests.backend_test.TestAuth" name="test_health" time="0.078" /><testcase classname="tests.backend_test.TestAuth" name="test_login_success" time="0.491" /><testcase classname="tests.backend_test.TestAuth" name="test_login_invalid" time="0.445" /><testcase classname="tests.backend_test.TestTrips" name="test_meera_got_notification" time="1.281" /><testcase classname="tests.backend_test.TestTrips" name="test_add_equal_expense" time="0.079" /><testcase classname="tests.backend_test.TestAuth" name="test_me_bearer" time="0.342" /><testcase classname="tests.backend_test.TestAuth" name="test_me_unauth" time="0.077" /><testcase classname="tests.backend_test.TestTrips" name="test_balances_and_upi" time="0.053" /><testcase classname="tests.backend_test.TestTrips" name="test_custom_split_validation" time="0.082" /><testcase classname="tests.backend_test.TestAuth" name="test_register_new_user" time="0.262" /><testcase classname="tests.backend_test.TestTrips" name="test_percentage_split_validation" time="0.241" /><testcase classname="tests.backend_test.TestAuth" name="test_profile_update_upi" time="0.080" /><testcase classname="tests.backend_test.TestTrips" name="test_remind_creates_notification" time="0.122" /><testcase classname="tests.backend_test.TestBookings" name="test_search_flight" time="0.039" /><testcase classname="tests.backend_test.TestBookings" name="test_search_train" time="0.039" /><testcase classname="tests.backend_test.TestBookings" name="test_search_hotel_city_only" time="0.038" /><testcase classname="tests.backend_test.TestTrips" name="test_settle_zeros_balance" time="15.089"><failure message="requests.exceptions.ConnectTimeout: HTTPSConnectionPool(host='journey-planner-5.internal.stage-preview.emergentagent.com', port=443): Max retries exceeded with url: /api/trips/6a6b0a7125a2863589b000fe/balances (Caused by ConnectTimeoutError(&lt;HTTPSConnection(host='journey-planner-5.internal.stage-preview.emergentagent.com', port=443) at 0xfd9559b9e650&gt;, 'Connection to journey-planner-5.internal.stage-preview.emergentagent.com timed out. (connect timeout=15)'))">/root/.venv/lib/python3.11/site-packages/urllib3/connection.py:204: in _new_conn
    sock = connection.create_connection(
/root/.venv/lib/python3.11/site-packages/urllib3/util/connection.py:85: in create_connection
    raise err
/root/.venv/lib/python3.11/site-packages/urllib3/util/connection.py:73: in create_connection
    sock.connect(sa)
E   TimeoutError: timed out

The above exception was the direct cause of the following exception:
/root/.venv/lib/python3.11/site-packages/urllib3/connectionpool.py:788: in urlopen
    response = self._make_request(
/root/.venv/lib/python3.11/site-packages/urllib3/connectionpool.py:488: in _make_request
    raise new_e
/root/.venv/lib/python3.11/site-packages/urllib3/connectionpool.py:464: in _make_request
    self._validate_conn(conn)
/root/.venv/lib/python3.11/site-packages/urllib3/connectionpool.py:1106: in _validate_conn
    conn.connect()
/root/.venv/lib/python3.11/site-packages/urllib3/connection.py:759: in connect
    self.sock = sock = self._new_conn()
                       ^^^^^^^^^^^^^^^^
/root/.venv/lib/python3.11/site-packages/urllib3/connection.py:213: in _new_conn
    raise ConnectTimeoutError(
E   urllib3.exceptions.ConnectTimeoutError: (&lt;HTTPSConnection(host='journey-planner-5.internal.stage-preview.emergentagent.com', port=443) at 0xfd9559b9e650&gt;, 'Connection to journey-planner-5.internal.stage-preview.emergentagent.com timed out. (connect timeout=15)')

The above exception was the direct cause of the following exception:
/root/.venv/lib/python3.11/site-packages/requests/adapters.py:696: in send
    resp = conn.urlopen(
/root/.venv/lib/python3.11/site-packages/urllib3/connectionpool.py:842: in urlopen
    retries = retries.increment(
/root/.venv/lib/python3.11/site-packages/urllib3/util/retry.py:543: in increment
    raise MaxRetryError(_pool, url, reason) from reason  # type: ignore[arg-type]
    ^^^^^^^^^^^^^^^^^^^^^^^^^^^^^^^^^^^^^^^^^^^^^^^^^^^
E   urllib3.exceptions.MaxRetryError: HTTPSConnectionPool(host='journey-planner-5.internal.stage-preview.emergentagent.com', port=443): Max retries exceeded with url: /api/trips/6a6b0a7125a2863589b000fe/balances (Caused by ConnectTimeoutError(&lt;HTTPSConnection(host='journey-planner-5.internal.stage-preview.emergentagent.com', port=443) at 0xfd9559b9e650&gt;, 'Connection to journey-planner-5.internal.stage-preview.emergentagent.com timed out. (connect timeout=15)'))

During handling of the above exception, another exception occurred:
tests/backend_test.py:270: in test_settle_zeros_balance
    br = requests.get(f"{API}/trips/{trip['id']}/balances", headers=hdr(aarav_token), timeout=15)
         ^^^^^^^^^^^^^^^^^^^^^^^^^^^^^^^^^^^^^^^^^^^^^^^^^^^^^^^^^^^^^^^^^^^^^^^^^^^^^^^^^^^^^^^^
/root/.venv/lib/python3.11/site-packages/requests/api.py:87: in get
    return request("get", url, params=params, **kwargs)
           ^^^^^^^^^^^^^^^^^^^^^^^^^^^^^^^^^^^^^^^^^^^^
/root/.venv/lib/python3.11/site-packages/requests/api.py:71: in request
    return session.request(method=method, url=url, **kwargs)
           ^^^^^^^^^^^^^^^^^^^^^^^^^^^^^^^^^^^^^^^^^^^^^^^^^
/root/.venv/lib/python3.11/site-packages/requests/sessions.py:651: in request
    resp = self.send(prep, **send_kwargs)
           ^^^^^^^^^^^^^^^^^^^^^^^^^^^^^^
/root/.venv/lib/python3.11/site-packages/requests/sessions.py:784: in send
    r = adapter.send(request, **kwargs)
        ^^^^^^^^^^^^^^^^^^^^^^^^^^^^^^^
/root/.venv/lib/python3.11/site-packages/requests/adapters.py:717: in send
    raise ConnectTimeout(e, request=request)
E   requests.exceptions.ConnectTimeout: HTTPSConnectionPool(host='journey-planner-5.internal.stage-preview.emergentagent.com', port=443): Max retries exceeded with url: /api/trips/6a6b0a7125a2863589b000fe/balances (Caused by ConnectTimeoutError(&lt;HTTPSConnection(host='journey-planner-5.internal.stage-preview.emergentagent.com', port=443) at 0xfd9559b9e650&gt;, 'Connection to journey-planner-5.internal.stage-preview.emergentagent.com timed out. (connect timeout=15)'))</failure></testcase><testcase classname="tests.backend_test.TestBookings" name="test_search_flight_missing_origin" time="0.077" /><testcase classname="tests.backend_test.TestBookings" name="test_booking_create_and_checkout" time="20.022"><failure message="requests.exceptions.ConnectTimeout: HTTPSConnectionPool(host='journey-planner-5.internal.stage-preview.emergentagent.com', port=443): Max retries exceeded with url: /api/bookings/search (Caused by ConnectTimeoutError(&lt;HTTPSConnection(host='journey-planner-5.internal.stage-preview.emergentagent.com', port=443) at 0xfb3c9862cb10&gt;, 'Connection to journey-planner-5.internal.stage-preview.emergentagent.com timed out. (connect timeout=20)'))">/root/.venv/lib/python3.11/site-packages/urllib3/connection.py:204: in _new_conn
    sock = connection.create_connection(
/root/.venv/lib/python3.11/site-packages/urllib3/util/connection.py:85: in create_connection
    raise err
/root/.venv/lib/python3.11/site-packages/urllib3/util/connection.py:73: in create_connection
    sock.connect(sa)
E   TimeoutError: timed out

The above exception was the direct cause of the following exception:
/root/.venv/lib/python3.11/site-packages/urllib3/connectionpool.py:788: in urlopen
    response = self._make_request(
/root/.venv/lib/python3.11/site-packages/urllib3/connectionpool.py:488: in _make_request
    raise new_e
/root/.venv/lib/python3.11/site-packages/urllib3/connectionpool.py:464: in _make_request
    self._validate_conn(conn)
/root/.venv/lib/python3.11/site-packages/urllib3/connectionpool.py:1106: in _validate_conn
    conn.connect()
/root/.venv/lib/python3.11/site-packages/urllib3/connection.py:759: in connect
    self.sock = sock = self._new_conn()
                       ^^^^^^^^^^^^^^^^
/root/.venv/lib/python3.11/site-packages/urllib3/connection.py:213: in _new_conn
    raise ConnectTimeoutError(
E   urllib3.exceptions.ConnectTimeoutError: (&lt;HTTPSConnection(host='journey-planner-5.internal.stage-preview.emergentagent.com', port=443) at 0xfb3c9862cb10&gt;, 'Connection to journey-planner-5.internal.stage-preview.emergentagent.com timed out. (connect timeout=20)')

The above exception was the direct cause of the following exception:
/root/.venv/lib/python3.11/site-packages/requests/adapters.py:696: in send
    resp = conn.urlopen(
/root/.venv/lib/python3.11/site-packages/urllib3/connectionpool.py:842: in urlopen
    retries = retries.increment(
/root/.venv/lib/python3.11/site-packages/urllib3/util/retry.py:543: in increment
    raise MaxRetryError(_pool, url, reason) from reason  # type: ignore[arg-type]
    ^^^^^^^^^^^^^^^^^^^^^^^^^^^^^^^^^^^^^^^^^^^^^^^^^^^
E   urllib3.exceptions.MaxRetryError: HTTPSConnectionPool(host='journey-planner-5.internal.stage-preview.emergentagent.com', port=443): Max retries exceeded with url: /api/bookings/search (Caused by ConnectTimeoutError(&lt;HTTPSConnection(host='journey-planner-5.internal.stage-preview.emergentagent.com', port=443) at 0xfb3c9862cb10&gt;, 'Connection to journey-planner-5.internal.stage-preview.emergentagent.com timed out. (connect timeout=20)'))

During handling of the above exception, another exception occurred:
tests/backend_test.py:128: in test_booking_create_and_checkout
    sr = requests.post(f"{API}/bookings/search",
/root/.venv/lib/python3.11/site-packages/requests/api.py:134: in post
    return request("post", url, data=data, json=json, **kwargs)
           ^^^^^^^^^^^^^^^^^^^^^^^^^^^^^^^^^^^^^^^^^^^^^^^^^^^^
/root/.venv/lib/python3.11/site-packages/requests/api.py:71: in request
    return session.request(method=method, url=url, **kwargs)
           ^^^^^^^^^^^^^^^^^^^^^^^^^^^^^^^^^^^^^^^^^^^^^^^^^
/root/.venv/lib/python3.11/site-packages/requests/sessions.py:651: in request
    resp = self.send(prep, **send_kwargs)
           ^^^^^^^^^^^^^^^^^^^^^^^^^^^^^^
/root/.venv/lib/python3.11/site-packages/requests/sessions.py:784: in send
    r = adapter.send(request, **kwargs)
        ^^^^^^^^^^^^^^^^^^^^^^^^^^^^^^^
/root/.venv/lib/python3.11/site-packages/requests/adapters.py:717: in send
    raise ConnectTimeout(e, request=request)
E   requests.exceptions.ConnectTimeout: HTTPSConnectionPool(host='journey-planner-5.internal.stage-preview.emergentagent.com', port=443): Max retries exceeded with url: /api/bookings/search (Caused by ConnectTimeoutError(&lt;HTTPSConnection(host='journey-planner-5.internal.stage-preview.emergentagent.com', port=443) at 0xfb3c9862cb10&gt;, 'Connection to journey-planner-5.internal.stage-preview.emergentagent.com timed out. (connect timeout=20)'))</failure></testcase><testcase classname="tests.backend_test.TestTrips" name="test_join_by_invite" time="3.616" /><testcase classname="tests.test_new_features.TestGoogleSession" name="test_google_session_invalid_returns_401" time="11.366" /><testcase classname="tests.backend_test.TestDestinations" name="test_list" time="15.054"><failure message="requests.exceptions.ConnectTimeout: HTTPSConnectionPool(host='journey-planner-5.internal.stage-preview.emergentagent.com', port=443): Max retries exceeded with url: /api/destinations (Caused by ConnectTimeoutError(&lt;HTTPSConnection(host='journey-planner-5.internal.stage-preview.emergentagent.com', port=443) at 0xfb3c980764d0&gt;, 'Connection to journey-planner-5.internal.stage-preview.emergentagent.com timed out. (connect timeout=15)'))">/root/.venv/lib/python3.11/site-packages/urllib3/connection.py:204: in _new_conn
    sock = connection.create_connection(
/root/.venv/lib/python3.11/site-packages/urllib3/util/connection.py:85: in create_connection
    raise err
/root/.venv/lib/python3.11/site-packages/urllib3/util/connection.py:73: in create_connection
    sock.connect(sa)
E   TimeoutError: timed out

The above exception was the direct cause of the following exception:
/root/.venv/lib/python3.11/site-packages/urllib3/connectionpool.py:788: in urlopen
    response = self._make_request(
/root/.venv/lib/python3.11/site-packages/urllib3/connectionpool.py:488: in _make_request
    raise new_e
/root/.venv/lib/python3.11/site-packages/urllib3/connectionpool.py:464: in _make_request
    self._validate_conn(conn)
/root/.venv/lib/python3.11/site-packages/urllib3/connectionpool.py:1106: in _validate_conn
    conn.connect()
/root/.venv/lib/python3.11/site-packages/urllib3/connection.py:759: in connect
    self.sock = sock = self._new_conn()
                       ^^^^^^^^^^^^^^^^
/root/.venv/lib/python3.11/site-packages/urllib3/connection.py:213: in _new_conn
    raise ConnectTimeoutError(
E   urllib3.exceptions.ConnectTimeoutError: (&lt;HTTPSConnection(host='journey-planner-5.internal.stage-preview.emergentagent.com', port=443) at 0xfb3c980764d0&gt;, 'Connection to journey-planner-5.internal.stage-preview.emergentagent.com timed out. (connect timeout=15)')

The above exception was the direct cause of the following exception:
/root/.venv/lib/python3.11/site-packages/requests/adapters.py:696: in send
    resp = conn.urlopen(
/root/.venv/lib/python3.11/site-packages/urllib3/connectionpool.py:842: in urlopen
    retries = retries.increment(
/root/.venv/lib/python3.11/site-packages/urllib3/util/retry.py:543: in increment
    raise MaxRetryError(_pool, url, reason) from reason  # type: ignore[arg-type]
    ^^^^^^^^^^^^^^^^^^^^^^^^^^^^^^^^^^^^^^^^^^^^^^^^^^^
E   urllib3.exceptions.MaxRetryError: HTTPSConnectionPool(host='journey-planner-5.internal.stage-preview.emergentagent.com', port=443): Max retries exceeded with url: /api/destinations (Caused by ConnectTimeoutError(&lt;HTTPSConnection(host='journey-planner-5.internal.stage-preview.emergentagent.com', port=443) at 0xfb3c980764d0&gt;, 'Connection to journey-planner-5.internal.stage-preview.emergentagent.com timed out. (connect timeout=15)'))

During handling of the above exception, another exception occurred:
tests/backend_test.py:292: in test_list
    r = requests.get(f"{API}/destinations", headers=hdr(aarav_token), timeout=15)
        ^^^^^^^^^^^^^^^^^^^^^^^^^^^^^^^^^^^^^^^^^^^^^^^^^^^^^^^^^^^^^^^^^^^^^^^^^
/root/.venv/lib/python3.11/site-packages/requests/api.py:87: in get
    return request("get", url, params=params, **kwargs)
           ^^^^^^^^^^^^^^^^^^^^^^^^^^^^^^^^^^^^^^^^^^^^
/root/.venv/lib/python3.11/site-packages/requests/api.py:71: in request
    return session.request(method=method, url=url, **kwargs)
           ^^^^^^^^^^^^^^^^^^^^^^^^^^^^^^^^^^^^^^^^^^^^^^^^^
/root/.venv/lib/python3.11/site-packages/requests/sessions.py:651: in request
    resp = self.send(prep, **send_kwargs)
           ^^^^^^^^^^^^^^^^^^^^^^^^^^^^^^
/root/.venv/lib/python3.11/site-packages/requests/sessions.py:784: in send
    r = adapter.send(request, **kwargs)
        ^^^^^^^^^^^^^^^^^^^^^^^^^^^^^^^
/root/.venv/lib/python3.11/site-packages/requests/adapters.py:717: in send
    raise ConnectTimeout(e, request=request)
E   requests.exceptions.ConnectTimeout: HTTPSConnectionPool(host='journey-planner-5.internal.stage-preview.emergentagent.com', port=443): Max retries exceeded with url: /api/destinations (Caused by ConnectTimeoutError(&lt;HTTPSConnection(host='journey-planner-5.internal.stage-preview.emergentagent.com', port=443) at 0xfb3c980764d0&gt;, 'Connection to journey-planner-5.internal.stage-preview.emergentagent.com timed out. (connect timeout=15)'))</failure></testcase><testcase classname="tests.test_new_features.TestGoogleSession" name="test_mongo_session_accepts_bearer_and_cookie" time="11.352" /><testcase classname="tests.backend_test.TestDestinations" name="test_goa_detail" time="0.102" /><testcase classname="tests.test_new_features.TestGoogleSession" name="test_expired_session_returns_401" time="0.079" /><testcase classname="tests.test_new_features.TestReminderEmails" name="test_remind_registered_debtor_logs_email" time="1.355" /><testcase classname="tests.test_new_features.TestJWTIntact" name="test_jwt_login_and_me" time="14.649" /><testcase classname="tests.test_new_features.TestReminderEmails" name="test_remind_unregistered_member_ok" time="23.334"><failure message="requests.exceptions.ConnectTimeout: HTTPSConnectionPool(host='journey-planner-5.internal.stage-preview.emergentagent.com', port=443): Max retries exceeded with url: /api/trips/6a6b0a9c25a2863589b00109/remind (Caused by ConnectTimeoutError(&lt;HTTPSConnection(host='journey-planner-5.internal.stage-preview.emergentagent.com', port=443) at 0xfd95599d9090&gt;, 'Connection to journey-planner-5.internal.stage-preview.emergentagent.com timed out. (connect timeout=15)'))">/root/.venv/lib/python3.11/site-packages/urllib3/connection.py:204: in _new_conn
    sock = connection.create_connection(
/root/.venv/lib/python3.11/site-packages/urllib3/util/connection.py:85: in create_connection
    raise err
/root/.venv/lib/python3.11/site-packages/urllib3/util/connection.py:73: in create_connection
    sock.connect(sa)
E   TimeoutError: timed out

The above exception was the direct cause of the following exception:
/root/.venv/lib/python3.11/site-packages/urllib3/connectionpool.py:788: in urlopen
    response = self._make_request(
/root/.venv/lib/python3.11/site-packages/urllib3/connectionpool.py:488: in _make_request
    raise new_e
/root/.venv/lib/python3.11/site-packages/urllib3/connectionpool.py:464: in _make_request
    self._validate_conn(conn)
/root/.venv/lib/python3.11/site-packages/urllib3/connectionpool.py:1106: in _validate_conn
    conn.connect()
/root/.venv/lib/python3.11/site-packages/urllib3/connection.py:759: in connect
    self.sock = sock = self._new_conn()
                       ^^^^^^^^^^^^^^^^
/root/.venv/lib/python3.11/site-packages/urllib3/connection.py:213: in _new_conn
    raise ConnectTimeoutError(
E   urllib3.exceptions.ConnectTimeoutError: (&lt;HTTPSConnection(host='journey-planner-5.internal.stage-preview.emergentagent.com', port=443) at 0xfd95599d9090&gt;, 'Connection to journey-planner-5.internal.stage-preview.emergentagent.com timed out. (connect timeout=15)')

The above exception was the direct cause of the following exception:
/root/.venv/lib/python3.11/site-packages/requests/adapters.py:696: in send
    resp = conn.urlopen(
/root/.venv/lib/python3.11/site-packages/urllib3/connectionpool.py:842: in urlopen
    retries = retries.increment(
/root/.venv/lib/python3.11/site-packages/urllib3/util/retry.py:543: in increment
    raise MaxRetryError(_pool, url, reason) from reason  # type: ignore[arg-type]
    ^^^^^^^^^^^^^^^^^^^^^^^^^^^^^^^^^^^^^^^^^^^^^^^^^^^
E   urllib3.exceptions.MaxRetryError: HTTPSConnectionPool(host='journey-planner-5.internal.stage-preview.emergentagent.com', port=443): Max retries exceeded with url: /api/trips/6a6b0a9c25a2863589b00109/remind (Caused by ConnectTimeoutError(&lt;HTTPSConnection(host='journey-planner-5.internal.stage-preview.emergentagent.com', port=443) at 0xfd95599d9090&gt;, 'Connection to journey-planner-5.internal.stage-preview.emergentagent.com timed out. (connect timeout=15)'))

During handling of the above exception, another exception occurred:
tests/test_new_features.py:194: in test_remind_unregistered_member_ok
    r = requests.post(f"{API}/trips/{t['id']}/remind",
/root/.venv/lib/python3.11/site-packages/requests/api.py:134: in post
    return request("post", url, data=data, json=json, **kwargs)
           ^^^^^^^^^^^^^^^^^^^^^^^^^^^^^^^^^^^^^^^^^^^^^^^^^^^^
/root/.venv/lib/python3.11/site-packages/requests/api.py:71: in request
    return session.request(method=method, url=url, **kwargs)
           ^^^^^^^^^^^^^^^^^^^^^^^^^^^^^^^^^^^^^^^^^^^^^^^^^
/root/.venv/lib/python3.11/site-packages/requests/sessions.py:651: in request
    resp = self.send(prep, **send_kwargs)
           ^^^^^^^^^^^^^^^^^^^^^^^^^^^^^^
/root/.venv/lib/python3.11/site-packages/requests/sessions.py:784: in send
    r = adapter.send(request, **kwargs)
        ^^^^^^^^^^^^^^^^^^^^^^^^^^^^^^^
/root/.venv/lib/python3.11/site-packages/requests/adapters.py:717: in send
    raise ConnectTimeout(e, request=request)
E   requests.exceptions.ConnectTimeout: HTTPSConnectionPool(host='journey-planner-5.internal.stage-preview.emergentagent.com', port=443): Max retries exceeded with url: /api/trips/6a6b0a9c25a2863589b00109/remind (Caused by ConnectTimeoutError(&lt;HTTPSConnection(host='journey-planner-5.internal.stage-preview.emergentagent.com', port=443) at 0xfd95599d9090&gt;, 'Connection to journey-planner-5.internal.stage-preview.emergentagent.com timed out. (connect timeout=15)'))</failure></testcase><testcase classname="tests.test_new_features.TestJWTIntact" name="test_garbage_bearer_401" time="15.094"><failure message="requests.exceptions.ConnectTimeout: HTTPSConnectionPool(host='journey-planner-5.internal.stage-preview.emergentagent.com', port=443): Max retries exceeded with url: /api/auth/me (Caused by ConnectTimeoutError(&lt;HTTPSConnection(host='journey-planner-5.internal.stage-preview.emergentagent.com', port=443) at 0xfb3c980d47d0&gt;, 'Connection to journey-planner-5.internal.stage-preview.emergentagent.com timed out. (connect timeout=15)'))">/root/.venv/lib/python3.11/site-packages/urllib3/connection.py:204: in _new_conn
    sock = connection.create_connection(
/root/.venv/lib/python3.11/site-packages/urllib3/util/connection.py:85: in create_connection
    raise err
/root/.venv/lib/python3.11/site-packages/urllib3/util/connection.py:73: in create_connection
    sock.connect(sa)
E   TimeoutError: timed out

The above exception was the direct cause of the following exception:
/root/.venv/lib/python3.11/site-packages/urllib3/connectionpool.py:788: in urlopen
    response = self._make_request(
/root/.venv/lib/python3.11/site-packages/urllib3/connectionpool.py:488: in _make_request
    raise new_e
/root/.venv/lib/python3.11/site-packages/urllib3/connectionpool.py:464: in _make_request
    self._validate_conn(conn)
/root/.venv/lib/python3.11/site-packages/urllib3/connectionpool.py:1106: in _validate_conn
    conn.connect()
/root/.venv/lib/python3.11/site-packages/urllib3/connection.py:759: in connect
    self.sock = sock = self._new_conn()
                       ^^^^^^^^^^^^^^^^
/root/.venv/lib/python3.11/site-packages/urllib3/connection.py:213: in _new_conn
    raise ConnectTimeoutError(
E   urllib3.exceptions.ConnectTimeoutError: (&lt;HTTPSConnection(host='journey-planner-5.internal.stage-preview.emergentagent.com', port=443) at 0xfb3c980d47d0&gt;, 'Connection to journey-planner-5.internal.stage-preview.emergentagent.com timed out. (connect timeout=15)')

The above exception was the direct cause of the following exception:
/root/.venv/lib/python3.11/site-packages/requests/adapters.py:696: in send
    resp = conn.urlopen(
/root/.venv/lib/python3.11/site-packages/urllib3/connectionpool.py:842: in urlopen
    retries = retries.increment(
/root/.venv/lib/python3.11/site-packages/urllib3/util/retry.py:543: in increment
    raise MaxRetryError(_pool, url, reason) from reason  # type: ignore[arg-type]
    ^^^^^^^^^^^^^^^^^^^^^^^^^^^^^^^^^^^^^^^^^^^^^^^^^^^
E   urllib3.exceptions.MaxRetryError: HTTPSConnectionPool(host='journey-planner-5.internal.stage-preview.emergentagent.com', port=443): Max retries exceeded with url: /api/auth/me (Caused by ConnectTimeoutError(&lt;HTTPSConnection(host='journey-planner-5.internal.stage-preview.emergentagent.com', port=443) at 0xfb3c980d47d0&gt;, 'Connection to journey-planner-5.internal.stage-preview.emergentagent.com timed out. (connect timeout=15)'))

During handling of the above exception, another exception occurred:
tests/test_new_features.py:123: in test_garbage_bearer_401
    r = requests.get(f"{API}/auth/me", headers={"Authorization": "Bearer garbage.token.value"}, timeout=15)
        ^^^^^^^^^^^^^^^^^^^^^^^^^^^^^^^^^^^^^^^^^^^^^^^^^^^^^^^^^^^^^^^^^^^^^^^^^^^^^^^^^^^^^^^^^^^^^^^^^^^
/root/.venv/lib/python3.11/site-packages/requests/api.py:87: in get
    return request("get", url, params=params, **kwargs)
           ^^^^^^^^^^^^^^^^^^^^^^^^^^^^^^^^^^^^^^^^^^^^
/root/.venv/lib/python3.11/site-packages/requests/api.py:71: in request
    return session.request(method=method, url=url, **kwargs)
           ^^^^^^^^^^^^^^^^^^^^^^^^^^^^^^^^^^^^^^^^^^^^^^^^^
/root/.venv/lib/python3.11/site-packages/requests/sessions.py:651: in request
    resp = self.send(prep, **send_kwargs)
           ^^^^^^^^^^^^^^^^^^^^^^^^^^^^^^
/root/.venv/lib/python3.11/site-packages/requests/sessions.py:784: in send
    r = adapter.send(request, **kwargs)
        ^^^^^^^^^^^^^^^^^^^^^^^^^^^^^^^
/root/.venv/lib/python3.11/site-packages/requests/adapters.py:717: in send
    raise ConnectTimeout(e, request=request)
E   requests.exceptions.ConnectTimeout: HTTPSConnectionPool(host='journey-planner-5.internal.stage-preview.emergentagent.com', port=443): Max retries exceeded with url: /api/auth/me (Caused by ConnectTimeoutError(&lt;HTTPSConnection(host='journey-planner-5.internal.stage-preview.emergentagent.com', port=443) at 0xfb3c980d47d0&gt;, 'Connection to journey-planner-5.internal.stage-preview.emergentagent.com timed out. (connect timeout=15)'))</failure></testcase><testcase classname="tests.backend_test.TestChat" name="test_chat_stream_and_history" time="18.453"><failure message="requests.exceptions.ConnectTimeout: HTTPSConnectionPool(host='journey-planner-5.internal.stage-preview.emergentagent.com', port=443): Max retries exceeded with url: /api/chat/history/general (Caused by ConnectTimeoutError(&lt;HTTPSConnection(host='journey-planner-5.internal.stage-preview.emergentagent.com', port=443) at 0xfb3c98535950&gt;, 'Connection to journey-planner-5.internal.stage-preview.emergentagent.com timed out. (connect timeout=15)'))">/root/.venv/lib/python3.11/site-packages/urllib3/connection.py:204: in _new_conn
    sock = connection.create_connection(
/root/.venv/lib/python3.11/site-packages/urllib3/util/connection.py:85: in create_connection
    raise err
/root/.venv/lib/python3.11/site-packages/urllib3/util/connection.py:73: in create_connection
    sock.connect(sa)
E   TimeoutError: timed out

The above exception was the direct cause of the following exception:
/root/.venv/lib/python3.11/site-packages/urllib3/connectionpool.py:788: in urlopen
    response = self._make_request(
/root/.venv/lib/python3.11/site-packages/urllib3/connectionpool.py:488: in _make_request
    raise new_e
/root/.venv/lib/python3.11/site-packages/urllib3/connectionpool.py:464: in _make_request
    self._validate_conn(conn)
/root/.venv/lib/python3.11/site-packages/urllib3/connectionpool.py:1106: in _validate_conn
    conn.connect()
/root/.venv/lib/python3.11/site-packages/urllib3/connection.py:759: in connect
    self.sock = sock = self._new_conn()
                       ^^^^^^^^^^^^^^^^
/root/.venv/lib/python3.11/site-packages/urllib3/connection.py:213: in _new_conn
    raise ConnectTimeoutError(
E   urllib3.exceptions.ConnectTimeoutError: (&lt;HTTPSConnection(host='journey-planner-5.internal.stage-preview.emergentagent.com', port=443) at 0xfb3c98535950&gt;, 'Connection to journey-planner-5.internal.stage-preview.emergentagent.com timed out. (connect timeout=15)')

The above exception was the direct cause of the following exception:
/root/.venv/lib/python3.11/site-packages/requests/adapters.py:696: in send
    resp = conn.urlopen(
/root/.venv/lib/python3.11/site-packages/urllib3/connectionpool.py:842: in urlopen
    retries = retries.increment(
/root/.venv/lib/python3.11/site-packages/urllib3/util/retry.py:543: in increment
    raise MaxRetryError(_pool, url, reason) from reason  # type: ignore[arg-type]
    ^^^^^^^^^^^^^^^^^^^^^^^^^^^^^^^^^^^^^^^^^^^^^^^^^^^
E   urllib3.exceptions.MaxRetryError: HTTPSConnectionPool(host='journey-planner-5.internal.stage-preview.emergentagent.com', port=443): Max retries exceeded with url: /api/chat/history/general (Caused by ConnectTimeoutError(&lt;HTTPSConnection(host='journey-planner-5.internal.stage-preview.emergentagent.com', port=443) at 0xfb3c98535950&gt;, 'Connection to journey-planner-5.internal.stage-preview.emergentagent.com timed out. (connect timeout=15)'))

During handling of the above exception, another exception occurred:
tests/backend_test.py:333: in test_chat_stream_and_history
    h = requests.get(f"{API}/chat/history/{session_id}", headers=hdr(aarav_token), timeout=15)
        ^^^^^^^^^^^^^^^^^^^^^^^^^^^^^^^^^^^^^^^^^^^^^^^^^^^^^^^^^^^^^^^^^^^^^^^^^^^^^^^^^^^^^^
/root/.venv/lib/python3.11/site-packages/requests/api.py:87: in get
    return request("get", url, params=params, **kwargs)
           ^^^^^^^^^^^^^^^^^^^^^^^^^^^^^^^^^^^^^^^^^^^^
/root/.venv/lib/python3.11/site-packages/requests/api.py:71: in request
    return session.request(method=method, url=url, **kwargs)
           ^^^^^^^^^^^^^^^^^^^^^^^^^^^^^^^^^^^^^^^^^^^^^^^^^
/root/.venv/lib/python3.11/site-packages/requests/sessions.py:651: in request
    resp = self.send(prep, **send_kwargs)
           ^^^^^^^^^^^^^^^^^^^^^^^^^^^^^^
/root/.venv/lib/python3.11/site-packages/requests/sessions.py:784: in send
    r = adapter.send(request, **kwargs)
        ^^^^^^^^^^^^^^^^^^^^^^^^^^^^^^^
/root/.venv/lib/python3.11/site-packages/requests/adapters.py:717: in send
    raise ConnectTimeout(e, request=request)
E   requests.exceptions.ConnectTimeout: HTTPSConnectionPool(host='journey-planner-5.internal.stage-preview.emergentagent.com', port=443): Max retries exceeded with url: /api/chat/history/general (Caused by ConnectTimeoutError(&lt;HTTPSConnection(host='journey-planner-5.internal.stage-preview.emergentagent.com', port=443) at 0xfb3c98535950&gt;, 'Connection to journey-planner-5.internal.stage-preview.emergentagent.com timed out. (connect timeout=15)'))</failure></testcase><testcase classname="tests.test_new_features.TestMemories" name="test_photo_upload_note_list_image_delete_and_forbidden" time="29.160" /><testcase classname="tests.test_new_features.TestSettlementProof" name="test_settlement_proof_flow" time="0.976" /></testsuite></testsuites>