<?xml version="1.0" encoding="utf-8"?><testsuites name="pytest tests"><testsuite name="pytest" errors="0" failures="0" skipped="0" tests="11" time="25.450" timestamp="2026-07-30T09:34:41.069656+00:00" hostname="agent-env-7da211b1-86f0-47b2-b545-af16517455ee"><testcase classname="tests.test_iter4_features.TestExpenseDelete" name="test_delete_by_creator_and_balances_recalc" time="1.163" /><testcase classname="tests.test_iter4_features.TestExpenseEdit" name="test_edit_updates_fields_and_balances" time="0.891" /><testcase classname="tests.test_iter4_features.TestExpenseEdit" name="test_non_creator_non_organizer_403" time="0.702" /><testcase classname="tests.test_iter4_features.TestExpenseDelete" name="test_delete_403_for_non_creator_non_organizer" time="0.505" /><testcase classname="tests.test_iter4_features.TestExpenseEdit" name="test_organizer_can_edit_others_expense" time="0.165" /><testcase classname="tests.test_iter4_features.TestExpenseDelete" name="test_delete_all_expenses_empty_suggestions" time="0.362" /><testcase classname="tests.test_iter4_features.TestExpenseEdit" name="test_invalid_expense_id" time="0.197" /><testcase classname="tests.test_iter4_features.TestExpenseEdit" name="test_custom_split_not_summing_to_total_400" time="0.169" /><testcase classname="tests.test_iter4_features.TestBudgetAlertFlagSafety" name="test_food_flag_edit_delete_refire" time="18.310" /><testcase classname="tests.test_iter4_features.TestRecapRevoke" name="test_revoke_flow" time="17.138" /><testcase classname="tests.test_iter4_features.TestBudgetAlertFlagSafety" name="test_total_flag_clear_and_refire" time="4.254" /></testsuite></testsuites>