<?xml version="1.0" encoding="utf-8"?><testsuites name="pytest tests"><testsuite name="pytest" errors="0" failures="0" skipped="0" tests="6" time="9.252" timestamp="2026-07-30T15:02:06.745284+00:00" hostname="agent-env-7da211b1-86f0-47b2-b545-af16517455ee"><testcase classname="tests.test_iter8_features.TestItineraryRegression" name="test_crud_flow" time="8.029" /><testcase classname="tests.test_iter8_features.TestRecapItinerary" name="test_recap_includes_itinerary_sorted" time="0.977" /><testcase classname="tests.test_iter8_features.TestRecapItinerary" name="test_recap_empty_itinerary" time="0.169" /><testcase classname="tests.test_iter8_features.TestRecapItinerary" name="test_recap_share_and_og_still_work" time="0.246" /><testcase classname="tests.test_iter8_features.TestExpensesRegression" name="test_expense_create_activities_category" time="0.854" /><testcase classname="tests.test_iter8_features.TestChatReactionsRegression" name="test_react_flow" time="0.921" /></testsuite></testsuites>