<?xml version="1.0" encoding="utf-8"?><testsuites name="pytest tests"><testsuite name="pytest" errors="0" failures="0" skipped="0" tests="5" time="2.807" timestamp="2026-07-30T22:43:53.571982+00:00" hostname="agent-env-7da211b1-86f0-47b2-b545-af16517455ee"><testcase classname="tests.test_iter12_security.TestGoogleSession" name="test_invalid_session_id_not_500" time="0.384" /><testcase classname="tests.test_iter12_security.TestCookieAuth" name="test_login_sets_cookies" time="0.406" /><testcase classname="tests.test_iter12_security.TestBookingPNR" name="test_pnr_format_and_stripe_url" time="1.949" /><testcase classname="tests.test_iter12_security.TestCookieAuth" name="test_trips_list_cookie_only" time="0.488" /><testcase classname="tests.test_iter12_security.TestCookieAuth" name="test_logout_clears_session" time="1.586" /></testsuite></testsuites>