<?xml version="1.0" encoding="utf-8"?><testsuites name="pytest tests"><testsuite name="pytest" errors="0" failures="7" skipped="0" tests="23" time="62.691" timestamp="2026-07-30T07:35:42.172258+00:00" hostname="agent-env-7da211b1-86f0-47b2-b545-af16517455ee"><testcase classname="tests.backend_test.TestAuth" name="test_health" time="0.308" /><testcase classname="tests.backend_test.TestAuth" name="test_login_success" time="0.527" /><testcase classname="tests.backend_test.TestAuth" name="test_login_invalid" time="0.300" /><testcase classname="tests.backend_test.TestTrips" name="test_meera_got_notification" time="1.097" /><testcase classname="tests.backend_test.TestTrips" name="test_add_equal_expense" time="0.081" /><testcase classname="tests.backend_test.TestTrips" name="test_balances_and_upi" time="0.264" /><testcase classname="tests.backend_test.TestAuth" name="test_me_bearer" time="0.387" /><testcase classname="tests.backend_test.TestTrips" name="test_custom_split_validation" time="0.079" /><testcase classname="tests.backend_test.TestTrips" name="test_percentage_split_validation" time="0.081" /><testcase classname="tests.backend_test.TestAuth" name="test_me_unauth" time="0.081" /><testcase classname="tests.backend_test.TestTrips" name="test_remind_creates_notification" time="0.343" /><testcase classname="tests.backend_test.TestAuth" name="test_register_new_user" time="0.301" /><testcase classname="tests.backend_test.TestAuth" name="test_profile_update_upi" time="0.078" /><testcase classname="tests.backend_test.TestTrips" name="test_settle_zeros_balance" time="15.095"><failure message="requests.exceptions.ConnectTimeout: HTTPSConnectionPool(host='journey-planner-5.internal.stage-preview.emergentagent.com', port=443): Max retries exceeded with url: /api/trips/6a6afecf927d4451b52a866d/balances (Caused by ConnectTimeoutError(&lt;HTTPSConnection(host='journey-planner-5.internal.stage-preview.emergentagent.com', port=443) at 0xfefdcb96e790&gt;, 'Connection to journey-planner-5.internal.stage-preview.emergentagent.com timed out. (connect timeout=15)'))">E   TimeoutError: timed out

The above exception was the direct cause of the following exception:
E   urllib3.exceptions.ConnectTimeoutError: (&lt;HTTPSConnection(host='journey-planner-5.internal.stage-preview.emergentagent.com', port=443) at 0xfefdcb96e790&gt;, 'Connection to journey-planner-5.internal.stage-preview.emergentagent.com timed out. (connect timeout=15)')

The above exception was the direct cause of the following exception:
E   urllib3.exceptions.MaxRetryError: HTTPSConnectionPool(host='journey-planner-5.internal.stage-preview.emergentagent.com', port=443): Max retries exceeded with url: /api/trips/6a6afecf927d4451b52a866d/balances (Caused by ConnectTimeoutError(&lt;HTTPSConnection(host='journey-planner-5.internal.stage-preview.emergentagent.com', port=443) at 0xfefdcb96e790&gt;, 'Connection to journey-planner-5.internal.stage-preview.emergentagent.com timed out. (connect timeout=15)'))

During handling of the above exception, another exception occurred:
E   requests.exceptions.ConnectTimeout: HTTPSConnectionPool(host='journey-planner-5.internal.stage-preview.emergentagent.com', port=443): Max retries exceeded with url: /api/trips/6a6afecf927d4451b52a866d/balances (Caused by ConnectTimeoutError(&lt;HTTPSConnection(host='journey-planner-5.internal.stage-preview.emergentagent.com', port=443) at 0xfefdcb96e790&gt;, 'Connection to journey-planner-5.internal.stage-preview.emergentagent.com timed out. (connect timeout=15)'))</failure></testcase><testcase classname="tests.backend_test.TestBookings" name="test_search_flight" time="0.037" /><testcase classname="tests.backend_test.TestBookings" name="test_search_train" time="20.002"><failure message="requests.exceptions.ConnectTimeout: HTTPSConnectionPool(host='journey-planner-5.internal.stage-preview.emergentagent.com', port=443): Max retries exceeded with url: /api/bookings/search (Caused by ConnectTimeoutError(&lt;HTTPSConnection(host='journey-planner-5.internal.stage-preview.emergentagent.com', port=443) at 0xff77f4f14150&gt;, 'Connection to journey-planner-5.internal.stage-preview.emergentagent.com timed out. (connect timeout=20)'))">E   TimeoutError: timed out

The above exception was the direct cause of the following exception:
E   urllib3.exceptions.ConnectTimeoutError: (&lt;HTTPSConnection(host='journey-planner-5.internal.stage-preview.emergentagent.com', port=443) at 0xff77f4f14150&gt;, 'Connection to journey-planner-5.internal.stage-preview.emergentagent.com timed out. (connect timeout=20)')

The above exception was the direct cause of the following exception:
E   urllib3.exceptions.MaxRetryError: HTTPSConnectionPool(host='journey-planner-5.internal.stage-preview.emergentagent.com', port=443): Max retries exceeded with url: /api/bookings/search (Caused by ConnectTimeoutError(&lt;HTTPSConnection(host='journey-planner-5.internal.stage-preview.emergentagent.com', port=443) at 0xff77f4f14150&gt;, 'Connection to journey-planner-5.internal.stage-preview.emergentagent.com timed out. (connect timeout=20)'))

During handling of the above exception, another exception occurred:
E   requests.exceptions.ConnectTimeout: HTTPSConnectionPool(host='journey-planner-5.internal.stage-preview.emergentagent.com', port=443): Max retries exceeded with url: /api/bookings/search (Caused by ConnectTimeoutError(&lt;HTTPSConnection(host='journey-planner-5.internal.stage-preview.emergentagent.com', port=443) at 0xff77f4f14150&gt;, 'Connection to journey-planner-5.internal.stage-preview.emergentagent.com timed out. (connect timeout=20)'))</failure></testcase><testcase classname="tests.backend_test.TestTrips" name="test_join_by_invite" time="15.131"><failure message="requests.exceptions.ConnectTimeout: HTTPSConnectionPool(host='journey-planner-5.internal.stage-preview.emergentagent.com', port=443): Max retries exceeded with url: /api/auth/register (Caused by ConnectTimeoutError(&lt;HTTPSConnection(host='journey-planner-5.internal.stage-preview.emergentagent.com', port=443) at 0xfefdcbba5790&gt;, 'Connection to journey-planner-5.internal.stage-preview.emergentagent.com timed out. (connect timeout=15)'))">E   TimeoutError: timed out

The above exception was the direct cause of the following exception:
E   urllib3.exceptions.ConnectTimeoutError: (&lt;HTTPSConnection(host='journey-planner-5.internal.stage-preview.emergentagent.com', port=443) at 0xfefdcbba5790&gt;, 'Connection to journey-planner-5.internal.stage-preview.emergentagent.com timed out. (connect timeout=15)')

The above exception was the direct cause of the following exception:
E   urllib3.exceptions.MaxRetryError: HTTPSConnectionPool(host='journey-planner-5.internal.stage-preview.emergentagent.com', port=443): Max retries exceeded with url: /api/auth/register (Caused by ConnectTimeoutError(&lt;HTTPSConnection(host='journey-planner-5.internal.stage-preview.emergentagent.com', port=443) at 0xfefdcbba5790&gt;, 'Connection to journey-planner-5.internal.stage-preview.emergentagent.com timed out. (connect timeout=15)'))

During handling of the above exception, another exception occurred:
E   requests.exceptions.ConnectTimeout: HTTPSConnectionPool(host='journey-planner-5.internal.stage-preview.emergentagent.com', port=443): Max retries exceeded with url: /api/auth/register (Caused by ConnectTimeoutError(&lt;HTTPSConnection(host='journey-planner-5.internal.stage-preview.emergentagent.com', port=443) at 0xfefdcbba5790&gt;, 'Connection to journey-planner-5.internal.stage-preview.emergentagent.com timed out. (connect timeout=15)'))</failure></testcase><testcase classname="tests.backend_test.TestBookings" name="test_search_hotel_city_only" time="0.041" /><testcase classname="tests.backend_test.TestBookings" name="test_search_flight_missing_origin" time="15.066"><failure message="requests.exceptions.ConnectTimeout: HTTPSConnectionPool(host='journey-planner-5.internal.stage-preview.emergentagent.com', port=443): Max retries exceeded with url: /api/bookings/search (Caused by ConnectTimeoutError(&lt;HTTPSConnection(host='journey-planner-5.internal.stage-preview.emergentagent.com', port=443) at 0xff77f5116850&gt;, 'Connection to journey-planner-5.internal.stage-preview.emergentagent.com timed out. (connect timeout=15)'))">E   TimeoutError: timed out

The above exception was the direct cause of the following exception:
E   urllib3.exceptions.ConnectTimeoutError: (&lt;HTTPSConnection(host='journey-planner-5.internal.stage-preview.emergentagent.com', port=443) at 0xff77f5116850&gt;, 'Connection to journey-planner-5.internal.stage-preview.emergentagent.com timed out. (connect timeout=15)')

The above exception was the direct cause of the following exception:
E   urllib3.exceptions.MaxRetryError: HTTPSConnectionPool(host='journey-planner-5.internal.stage-preview.emergentagent.com', port=443): Max retries exceeded with url: /api/bookings/search (Caused by ConnectTimeoutError(&lt;HTTPSConnection(host='journey-planner-5.internal.stage-preview.emergentagent.com', port=443) at 0xff77f5116850&gt;, 'Connection to journey-planner-5.internal.stage-preview.emergentagent.com timed out. (connect timeout=15)'))

During handling of the above exception, another exception occurred:
E   requests.exceptions.ConnectTimeout: HTTPSConnectionPool(host='journey-planner-5.internal.stage-preview.emergentagent.com', port=443): Max retries exceeded with url: /api/bookings/search (Caused by ConnectTimeoutError(&lt;HTTPSConnection(host='journey-planner-5.internal.stage-preview.emergentagent.com', port=443) at 0xff77f5116850&gt;, 'Connection to journey-planner-5.internal.stage-preview.emergentagent.com timed out. (connect timeout=15)'))</failure></testcase><testcase classname="tests.backend_test.TestDestinations" name="test_list" time="15.058"><failure message="requests.exceptions.ConnectTimeout: HTTPSConnectionPool(host='journey-planner-5.internal.stage-preview.emergentagent.com', port=443): Max retries exceeded with url: /api/destinations (Caused by ConnectTimeoutError(&lt;HTTPSConnection(host='journey-planner-5.internal.stage-preview.emergentagent.com', port=443) at 0xfefdcb940b10&gt;, 'Connection to journey-planner-5.internal.stage-preview.emergentagent.com timed out. (connect timeout=15)'))">E   TimeoutError: timed out

The above exception was the direct cause of the following exception:
E   urllib3.exceptions.ConnectTimeoutError: (&lt;HTTPSConnection(host='journey-planner-5.internal.stage-preview.emergentagent.com', port=443) at 0xfefdcb940b10&gt;, 'Connection to journey-planner-5.internal.stage-preview.emergentagent.com timed out. (connect timeout=15)')

The above exception was the direct cause of the following exception:
E   urllib3.exceptions.MaxRetryError: HTTPSConnectionPool(host='journey-planner-5.internal.stage-preview.emergentagent.com', port=443): Max retries exceeded with url: /api/destinations (Caused by ConnectTimeoutError(&lt;HTTPSConnection(host='journey-planner-5.internal.stage-preview.emergentagent.com', port=443) at 0xfefdcb940b10&gt;, 'Connection to journey-planner-5.internal.stage-preview.emergentagent.com timed out. (connect timeout=15)'))

During handling of the above exception, another exception occurred:
E   requests.exceptions.ConnectTimeout: HTTPSConnectionPool(host='journey-planner-5.internal.stage-preview.emergentagent.com', port=443): Max retries exceeded with url: /api/destinations (Caused by ConnectTimeoutError(&lt;HTTPSConnection(host='journey-planner-5.internal.stage-preview.emergentagent.com', port=443) at 0xfefdcb940b10&gt;, 'Connection to journey-planner-5.internal.stage-preview.emergentagent.com timed out. (connect timeout=15)'))</failure></testcase><testcase classname="tests.backend_test.TestBookings" name="test_booking_create_and_checkout" time="20.014"><failure message="requests.exceptions.ConnectTimeout: HTTPSConnectionPool(host='journey-planner-5.internal.stage-preview.emergentagent.com', port=443): Max retries exceeded with url: /api/bookings/search (Caused by ConnectTimeoutError(&lt;HTTPSConnection(host='journey-planner-5.internal.stage-preview.emergentagent.com', port=443) at 0xff77f51176d0&gt;, 'Connection to journey-planner-5.internal.stage-preview.emergentagent.com timed out. (connect timeout=20)'))">E   TimeoutError: timed out

The above exception was the direct cause of the following exception:
E   urllib3.exceptions.ConnectTimeoutError: (&lt;HTTPSConnection(host='journey-planner-5.internal.stage-preview.emergentagent.com', port=443) at 0xff77f51176d0&gt;, 'Connection to journey-planner-5.internal.stage-preview.emergentagent.com timed out. (connect timeout=20)')

The above exception was the direct cause of the following exception:
E   urllib3.exceptions.MaxRetryError: HTTPSConnectionPool(host='journey-planner-5.internal.stage-preview.emergentagent.com', port=443): Max retries exceeded with url: /api/bookings/search (Caused by ConnectTimeoutError(&lt;HTTPSConnection(host='journey-planner-5.internal.stage-preview.emergentagent.com', port=443) at 0xff77f51176d0&gt;, 'Connection to journey-planner-5.internal.stage-preview.emergentagent.com timed out. (connect timeout=20)'))

During handling of the above exception, another exception occurred:
E   requests.exceptions.ConnectTimeout: HTTPSConnectionPool(host='journey-planner-5.internal.stage-preview.emergentagent.com', port=443): Max retries exceeded with url: /api/bookings/search (Caused by ConnectTimeoutError(&lt;HTTPSConnection(host='journey-planner-5.internal.stage-preview.emergentagent.com', port=443) at 0xff77f51176d0&gt;, 'Connection to journey-planner-5.internal.stage-preview.emergentagent.com timed out. (connect timeout=20)'))</failure></testcase><testcase classname="tests.backend_test.TestDestinations" name="test_goa_detail" time="15.083"><failure message="requests.exceptions.ConnectTimeout: HTTPSConnectionPool(host='journey-planner-5.internal.stage-preview.emergentagent.com', port=443): Max retries exceeded with url: /api/destinations/goa (Caused by ConnectTimeoutError(&lt;HTTPSConnection(host='journey-planner-5.internal.stage-preview.emergentagent.com', port=443) at 0xfefdcb96ead0&gt;, 'Connection to journey-planner-5.internal.stage-preview.emergentagent.com timed out. (connect timeout=15)'))">E   TimeoutError: timed out

The above exception was the direct cause of the following exception:
E   urllib3.exceptions.ConnectTimeoutError: (&lt;HTTPSConnection(host='journey-planner-5.internal.stage-preview.emergentagent.com', port=443) at 0xfefdcb96ead0&gt;, 'Connection to journey-planner-5.internal.stage-preview.emergentagent.com timed out. (connect timeout=15)')

The above exception was the direct cause of the following exception:
E   urllib3.exceptions.MaxRetryError: HTTPSConnectionPool(host='journey-planner-5.internal.stage-preview.emergentagent.com', port=443): Max retries exceeded with url: /api/destinations/goa (Caused by ConnectTimeoutError(&lt;HTTPSConnection(host='journey-planner-5.internal.stage-preview.emergentagent.com', port=443) at 0xfefdcb96ead0&gt;, 'Connection to journey-planner-5.internal.stage-preview.emergentagent.com timed out. (connect timeout=15)'))

During handling of the above exception, another exception occurred:
E   requests.exceptions.ConnectTimeout: HTTPSConnectionPool(host='journey-planner-5.internal.stage-preview.emergentagent.com', port=443): Max retries exceeded with url: /api/destinations/goa (Caused by ConnectTimeoutError(&lt;HTTPSConnection(host='journey-planner-5.internal.stage-preview.emergentagent.com', port=443) at 0xfefdcb96ead0&gt;, 'Connection to journey-planner-5.internal.stage-preview.emergentagent.com timed out. (connect timeout=15)'))</failure></testcase><testcase classname="tests.backend_test.TestChat" name="test_chat_stream_and_history" time="4.560" /></testsuite></testsuites>